<?xml version="1.0" encoding="UTF-8"?>
<testng-results ignored="0" total="1" passed="1" failed="0" skipped="0">
  <reporter-output>
  </reporter-output>
  <suite started-at="2022-07-14T01:30:29 IST" name="Surefire suite" finished-at="2022-07-14T01:30:29 IST" duration-ms="64">
    <groups>
    </groups>
    <test started-at="2022-07-14T01:30:29 IST" name="Surefire test" finished-at="2022-07-14T01:30:29 IST" duration-ms="64">
      <class name="MvnPro.MvnJava.AppTest">
        <test-method signature="shouldAnswerWithTrue()" started-at="2022-07-14T01:30:29 IST" name="shouldAnswerWithTrue" finished-at="2022-07-14T01:30:29 IST" duration-ms="11" status="PASS">
          <reporter-output>
          </reporter-output>
        </test-method> <!-- shouldAnswerWithTrue -->
      </class> <!-- MvnPro.MvnJava.AppTest -->
    </test> <!-- Surefire test -->
  </suite> <!-- Surefire suite -->
</testng-results>
