<?xml version="1.0" encoding="UTF-8"?>
<!-- Generated by org.testng.reporters.JUnitXMLReporter -->
<testsuite ignored="0" hostname="BLRCND52008917" failures="4" tests="12" name="Test" time="27.747" errors="0" timestamp="2022-07-23T14:16:05 IST">
  <testcase classname="MvnPro.MvnJava.NewClassGITTest" name="NewClaaMethodGIT" time="0.017">
    <failure type="java.lang.AssertionError" message="expected [true] but found [false]">
      <![CDATA[java.lang.AssertionError: expected [true] but found [false]
at MvnPro.MvnJava.NewClassGITTest.NewClaaMethodGIT(NewClassGITTest.java:12)
at java.base/java.util.ArrayList.forEach(ArrayList.java:1507)
... Removed 31 stack frames]]>
    </failure>
  </testcase> <!-- NewClaaMethodGIT -->
  <testcase classname="MvnPro.MvnJava.ExtentReportTest" name="InitialDemo" time="14.248"/>
  <testcase classname="MvnPro.MvnJava.AppiumTest" name="IOS" time="0.014"/>
  <testcase classname="MvnPro.MvnJava.AppiumTest" name="NativeApp" time="0.006"/>
  <testcase classname="MvnPro.MvnJava.RestAPITest" name="NewMethodGIT" time="0.003">
    <failure type="java.lang.AssertionError" message="expected [true] but found [false]">
      <![CDATA[java.lang.AssertionError: expected [true] but found [false]
at MvnPro.MvnJava.RestAPITest.NewMethodGIT(RestAPITest.java:14)
at java.base/java.util.ArrayList.forEach(ArrayList.java:1507)
... Removed 31 stack frames]]>
    </failure>
  </testcase> <!-- NewMethodGIT -->
  <testcase classname="MvnPro.MvnJava.RestAPITest" name="TestJira" time="0.019">
    <failure type="java.lang.AssertionError" message="expected [true] but found [false]">
      <![CDATA[java.lang.AssertionError: expected [true] but found [false]
at MvnPro.MvnJava.RestAPITest.TestJira(RestAPITest.java:22)
at java.base/java.util.ArrayList.forEach(ArrayList.java:1507)
... Removed 31 stack frames]]>
    </failure>
  </testcase> <!-- TestJira -->
  <testcase classname="MvnPro.MvnJava.RestAPITest" name="TestTFS" time="0.006">
    <failure type="java.lang.AssertionError" message="expected [true] but found [false]">
      <![CDATA[java.lang.AssertionError: expected [true] but found [false]
at MvnPro.MvnJava.RestAPITest.TestTFS(RestAPITest.java:29)
at java.base/java.util.ArrayList.forEach(ArrayList.java:1507)
... Removed 31 stack frames]]>
    </failure>
  </testcase> <!-- TestTFS -->
  <testcase classname="MvnPro.MvnJava.RediffLoginAppTest" name="login" time="12.686"/>
  <testcase classname="MvnPro.MvnJava.SelJavaTest" name="BrowserAuto" time="0.001"/>
  <testcase classname="MvnPro.MvnJava.SelJavaTest" name="ElementUI" time="0.002"/>
  <testcase classname="MvnPro.MvnJava.SeleniumTest" name="LoginPage" time="0.003"/>
  <testcase classname="CoreJava.LoopTest" name="ForLoop" time="0.002"/>
</testsuite> <!-- Test -->
