<?xml version="1.0" encoding="UTF-8"?>
<!-- Generated by org.testng.reporters.JUnitXMLReporter -->
<testsuite ignored="0" hostname="BLRCND52008917" failures="0" tests="7" name="Surefire test" time="0.08" errors="0" timestamp="2022-07-14T01:30:29 IST">
  <testcase classname="MvnPro.MvnJava.AppiumTest" name="IOS" time="0.004"/>
  <testcase classname="MvnPro.MvnJava.AppiumTest" name="NativeApp" time="0.001"/>
  <testcase classname="MvnPro.MvnJava.RestAPITest" name="TestJira" time="0.001"/>
  <testcase classname="MvnPro.MvnJava.RestAPITest" name="TestTFS" time="0.001"/>
  <testcase classname="MvnPro.MvnJava.SeleniumTest" name="LoginPage" time="0.001"/>
  <testcase classname="MvnPro.MvnJava.SelJavaTest" name="BrowserAuto" time="0.001"/>
  <testcase classname="MvnPro.MvnJava.SelJavaTest" name="ElementUI" time="0.0"/>
</testsuite> <!-- Surefire test -->
