<?xml version="1.0" encoding="UTF-8"?>
<testng-results ignored="0" total="1" passed="1" failed="0" skipped="0">
  <reporter-output>
  </reporter-output>
  <suite started-at="2022-07-22T02:02:54 IST" name="Suite" finished-at="2022-07-22T02:02:56 IST" duration-ms="1540">
    <groups>
      <group name="cucumber">
        <method signature="AbstractTestNGCucumberTests.feature(cucumber.api.testng.CucumberFeatureWrapper)[pri:0, instance:StepDefination.TestRunner@6b2ea799]" name="feature" class="cucumber.api.testng.AbstractTestNGCucumberTests"/>
      </group> <!-- cucumber -->
    </groups>
    <test started-at="2022-07-22T02:02:54 IST" name="Test" finished-at="2022-07-22T02:02:56 IST" duration-ms="1540">
      <class name="StepDefination.TestRunner">
        <test-method is-config="true" signature="setUpClass()[pri:0, instance:StepDefination.TestRunner@6b2ea799]" started-at="2022-07-22T02:02:54 IST" name="setUpClass" finished-at="2022-07-22T02:02:55 IST" duration-ms="638" status="PASS">
          <reporter-output>
          </reporter-output>
        </test-method> <!-- setUpClass -->
        <test-method signature="feature(cucumber.api.testng.CucumberFeatureWrapper)[pri:0, instance:StepDefination.TestRunner@6b2ea799]" started-at="2022-07-22T02:02:55 IST" name="feature" description="Runs Cucumber Feature" data-provider="features" finished-at="2022-07-22T02:02:56 IST" duration-ms="560" status="PASS">
          <params>
            <param index="0">
              <value>
                <![CDATA[Application Login]]>
              </value>
            </param>
          </params>
          <reporter-output>
          </reporter-output>
        </test-method> <!-- feature -->
        <test-method is-config="true" signature="tearDownClass()[pri:0, instance:StepDefination.TestRunner@6b2ea799]" started-at="2022-07-22T02:02:56 IST" name="tearDownClass" finished-at="2022-07-22T02:02:56 IST" duration-ms="6" status="PASS">
          <reporter-output>
          </reporter-output>
        </test-method> <!-- tearDownClass -->
      </class> <!-- StepDefination.TestRunner -->
    </test> <!-- Test -->
  </suite> <!-- Suite -->
</testng-results>
